<?xml version="1.0" encoding="UTF-8"?>
<coverage generated="1574707800093" clover="3.2.0">
  <project timestamp="1574707800094" name="All files">
    <metrics statements="76" coveredstatements="65" conditionals="33" coveredconditionals="29" methods="16" coveredmethods="12" elements="125" coveredelements="106" complexity="0" loc="76" ncloc="76" packages="1" files="2" classes="2">
      <file name="memory-game.js" path="F:\test file\test-js-example-master\scripts\memory-game.js">
        <metrics statements="72" coveredstatements="61" conditionals="32" coveredconditionals="28" methods="13" coveredmethods="9"/>
        <line num="1" count="1" type="stmt"/>
        <line num="2" count="1" type="stmt"/>
        <line num="3" count="1" type="stmt"/>
        <line num="22" count="27" type="stmt"/>
        <line num="23" count="27" type="stmt"/>
        <line num="24" count="27" type="stmt"/>
        <line num="25" count="27" type="stmt"/>
        <line num="26" count="27" type="stmt"/>
        <line num="27" count="27" type="stmt"/>
        <line num="28" count="27" type="stmt"/>
        <line num="29" count="27" type="stmt"/>
        <line num="30" count="27" type="stmt"/>
        <line num="31" count="27" type="stmt"/>
        <line num="32" count="27" type="stmt"/>
        <line num="33" count="27" type="stmt"/>
        <line num="34" count="27" type="stmt"/>
        <line num="35" count="27" type="stmt"/>
        <line num="39" count="6" type="stmt"/>
        <line num="40" count="34" type="stmt"/>
        <line num="41" count="34" type="stmt"/>
        <line num="42" count="34" type="stmt"/>
        <line num="43" count="34" type="stmt"/>
        <line num="48" count="1" type="stmt"/>
        <line num="49" count="1" type="stmt"/>
        <line num="50" count="3" type="stmt"/>
        <line num="51" count="11" type="stmt"/>
        <line num="54" count="3" type="stmt"/>
        <line num="55" count="3" type="stmt"/>
        <line num="56" count="12" type="cond" truecount="2" falsecount="0"/>
        <line num="57" count="2" type="stmt"/>
        <line num="59" count="12" type="stmt"/>
        <line num="65" count="3" type="stmt"/>
        <line num="66" count="3" type="stmt"/>
        <line num="67" count="3" type="stmt"/>
        <line num="68" count="44" type="stmt"/>
        <line num="69" count="44" type="stmt"/>
        <line num="70" count="44" type="stmt"/>
        <line num="71" count="44" type="stmt"/>
        <line num="73" count="44" type="cond" truecount="2" falsecount="0"/>
        <line num="74" count="11" type="stmt"/>
        <line num="80" count="5" type="cond" truecount="2" falsecount="0"/>
        <line num="81" count="4" type="stmt"/>
        <line num="82" count="4" type="cond" truecount="1" falsecount="1"/>
        <line num="83" count="4" type="cond" truecount="2" falsecount="0"/>
        <line num="84" count="1" type="stmt"/>
        <line num="86" count="3" type="cond" truecount="2" falsecount="0"/>
        <line num="87" count="2" type="stmt"/>
        <line num="88" count="2" type="stmt"/>
        <line num="89" count="2" type="stmt"/>
        <line num="90" count="0" type="stmt"/>
        <line num="91" count="0" type="stmt"/>
        <line num="92" count="0" type="stmt"/>
        <line num="93" count="0" type="cond" truecount="0" falsecount="2"/>
        <line num="94" count="0" type="stmt"/>
        <line num="101" count="5" type="cond" truecount="2" falsecount="0"/>
        <line num="102" count="2" type="stmt"/>
        <line num="103" count="2" type="stmt"/>
        <line num="104" count="2" type="stmt"/>
        <line num="106" count="3" type="stmt"/>
        <line num="107" count="3" type="stmt"/>
        <line num="112" count="0" type="stmt"/>
        <line num="113" count="0" type="stmt"/>
        <line num="114" count="0" type="stmt"/>
        <line num="115" count="0" type="stmt"/>
        <line num="119" count="0" type="stmt"/>
        <line num="123" count="11" type="cond" truecount="2" falsecount="0"/>
        <line num="124" count="5" type="cond" truecount="5" falsecount="0"/>
        <line num="126" count="11" type="cond" truecount="2" falsecount="0"/>
        <line num="127" count="5" type="cond" truecount="5" falsecount="0"/>
        <line num="129" count="11" type="cond" truecount="1" falsecount="1"/>
        <line num="130" count="0" type="stmt"/>
        <line num="137" count="1" type="stmt"/>
      </file>
      <file name="player.js" path="F:\test file\test-js-example-master\scripts\player.js">
        <metrics statements="4" coveredstatements="4" conditionals="1" coveredconditionals="1" methods="3" coveredmethods="3"/>
        <line num="3" count="32" type="stmt"/>
        <line num="7" count="4" type="stmt"/>
        <line num="11" count="1" type="stmt"/>
        <line num="15" count="2" type="stmt"/>
      </file>
    </metrics>
  </project>
</coverage>
