{"C:\\Users\\Angelica\\Desktop\\Introduction of Web Programming\\software testing\\assignment1-p2\\2dv610-assignment1-p2\\scripts\\memory-game.js": {"path":"C:\\Users\\Angelica\\Desktop\\Introduction of Web Programming\\software testing\\assignment1-p2\\2dv610-assignment1-p2\\scripts\\memory-game.js","statementMap":{"0":{"start":{"line":1,"column":17},"end":{"line":1,"column":39}},"1":{"start":{"line":2,"column":15},"end":{"line":2,"column":49}},"2":{"start":{"line":3,"column":0},"end":{"line":17,"column":1}},"3":{"start":{"line":22,"column":4},"end":{"line":22,"column":11}},"4":{"start":{"line":23,"column":4},"end":{"line":23,"column":18}},"5":{"start":{"line":24,"column":4},"end":{"line":24,"column":17}},"6":{"start":{"line":25,"column":4},"end":{"line":25,"column":39}},"7":{"start":{"line":26,"column":4},"end":{"line":26,"column":65}},"8":{"start":{"line":27,"column":4},"end":{"line":27,"column":31}},"9":{"start":{"line":28,"column":4},"end":{"line":28,"column":25}},"10":{"start":{"line":29,"column":4},"end":{"line":29,"column":33}},"11":{"start":{"line":30,"column":4},"end":{"line":30,"column":17}},"12":{"start":{"line":31,"column":4},"end":{"line":31,"column":27}},"13":{"start":{"line":32,"column":4},"end":{"line":32,"column":27}},"14":{"start":{"line":33,"column":4},"end":{"line":33,"column":18}},"15":{"start":{"line":34,"column":4},"end":{"line":34,"column":21}},"16":{"start":{"line":35,"column":4},"end":{"line":35,"column":34}},"17":{"start":{"line":39,"column":4},"end":{"line":44,"column":5}},"18":{"start":{"line":40,"column":6},"end":{"line":40,"column":30}},"19":{"start":{"line":41,"column":6},"end":{"line":41,"column":30}},"20":{"start":{"line":42,"column":6},"end":{"line":42,"column":38}},"21":{"start":{"line":43,"column":6},"end":{"line":43,"column":38}},"22":{"start":{"line":48,"column":17},"end":{"line":48,"column":21}},"23":{"start":{"line":49,"column":4},"end":{"line":61,"column":5}},"24":{"start":{"line":50,"column":6},"end":{"line":52,"column":8}},"25":{"start":{"line":51,"column":8},"end":{"line":51,"column":48}},"26":{"start":{"line":54,"column":14},"end":{"line":54,"column":15}},"27":{"start":{"line":55,"column":6},"end":{"line":60,"column":7}},"28":{"start":{"line":56,"column":8},"end":{"line":58,"column":9}},"29":{"start":{"line":57,"column":10},"end":{"line":57,"column":24}},"30":{"start":{"line":59,"column":8},"end":{"line":59,"column":11}},"31":{"start":{"line":65,"column":31},"end":{"line":65,"column":74}},"32":{"start":{"line":66,"column":18},"end":{"line":66,"column":28}},"33":{"start":{"line":67,"column":4},"end":{"line":76,"column":6}},"34":{"start":{"line":68,"column":18},"end":{"line":68,"column":47}},"35":{"start":{"line":69,"column":6},"end":{"line":69,"column":44}},"36":{"start":{"line":70,"column":6},"end":{"line":70,"column":38}},"37":{"start":{"line":71,"column":6},"end":{"line":71,"column":41}},"38":{"start":{"line":73,"column":6},"end":{"line":75,"column":7}},"39":{"start":{"line":74,"column":8},"end":{"line":74,"column":68}},"40":{"start":{"line":80,"column":4},"end":{"line":80,"column":61}},"41":{"start":{"line":80,"column":53},"end":{"line":80,"column":59}},"42":{"start":{"line":81,"column":4},"end":{"line":81,"column":105}},"43":{"start":{"line":82,"column":4},"end":{"line":82,"column":36}},"44":{"start":{"line":82,"column":28},"end":{"line":82,"column":34}},"45":{"start":{"line":83,"column":4},"end":{"line":97,"column":5}},"46":{"start":{"line":84,"column":6},"end":{"line":84,"column":37}},"47":{"start":{"line":86,"column":6},"end":{"line":86,"column":55}},"48":{"start":{"line":86,"column":47},"end":{"line":86,"column":53}},"49":{"start":{"line":87,"column":6},"end":{"line":87,"column":21}},"50":{"start":{"line":88,"column":6},"end":{"line":88,"column":37}},"51":{"start":{"line":89,"column":6},"end":{"line":96,"column":13}},"52":{"start":{"line":90,"column":8},"end":{"line":90,"column":63}},"53":{"start":{"line":91,"column":8},"end":{"line":91,"column":31}},"54":{"start":{"line":92,"column":8},"end":{"line":92,"column":31}},"55":{"start":{"line":93,"column":8},"end":{"line":95,"column":9}},"56":{"start":{"line":94,"column":10},"end":{"line":94,"column":63}},"57":{"start":{"line":101,"column":4},"end":{"line":108,"column":5}},"58":{"start":{"line":102,"column":6},"end":{"line":102,"column":38}},"59":{"start":{"line":103,"column":6},"end":{"line":103,"column":38}},"60":{"start":{"line":104,"column":6},"end":{"line":104,"column":24}},"61":{"start":{"line":106,"column":6},"end":{"line":106,"column":48}},"62":{"start":{"line":107,"column":6},"end":{"line":107,"column":48}},"63":{"start":{"line":112,"column":4},"end":{"line":112,"column":30}},"64":{"start":{"line":113,"column":4},"end":{"line":113,"column":24}},"65":{"start":{"line":114,"column":4},"end":{"line":114,"column":26}},"66":{"start":{"line":115,"column":4},"end":{"line":115,"column":120}},"67":{"start":{"line":115,"column":87},"end":{"line":115,"column":117}},"68":{"start":{"line":119,"column":4},"end":{"line":119,"column":42}},"69":{"start":{"line":123,"column":4},"end":{"line":125,"column":5}},"70":{"start":{"line":124,"column":6},"end":{"line":124,"column":97}},"71":{"start":{"line":124,"column":75},"end":{"line":124,"column":95}},"72":{"start":{"line":126,"column":4},"end":{"line":128,"column":5}},"73":{"start":{"line":127,"column":6},"end":{"line":127,"column":97}},"74":{"start":{"line":127,"column":74},"end":{"line":127,"column":95}},"75":{"start":{"line":129,"column":4},"end":{"line":131,"column":5}},"76":{"start":{"line":130,"column":6},"end":{"line":130,"column":45}},"77":{"start":{"line":137,"column":0},"end":{"line":137,"column":29}}},"fnMap":{"0":{"name":"(anonymous_0)","decl":{"start":{"line":21,"column":2},"end":{"line":21,"column":3}},"loc":{"start":{"line":21,"column":17},"end":{"line":36,"column":3}},"line":21},"1":{"name":"(anonymous_1)","decl":{"start":{"line":38,"column":2},"end":{"line":38,"column":3}},"loc":{"start":{"line":38,"column":25},"end":{"line":45,"column":3}},"line":38},"2":{"name":"(anonymous_2)","decl":{"start":{"line":47,"column":2},"end":{"line":47,"column":3}},"loc":{"start":{"line":47,"column":21},"end":{"line":62,"column":3}},"line":47},"3":{"name":"(anonymous_3)","decl":{"start":{"line":50,"column":28},"end":{"line":50,"column":29}},"loc":{"start":{"line":50,"column":44},"end":{"line":52,"column":7}},"line":50},"4":{"name":"(anonymous_4)","decl":{"start":{"line":64,"column":2},"end":{"line":64,"column":3}},"loc":{"start":{"line":64,"column":19},"end":{"line":77,"column":3}},"line":64},"5":{"name":"(anonymous_5)","decl":{"start":{"line":67,"column":29},"end":{"line":67,"column":30}},"loc":{"start":{"line":67,"column":54},"end":{"line":76,"column":5}},"line":67},"6":{"name":"(anonymous_6)","decl":{"start":{"line":79,"column":2},"end":{"line":79,"column":3}},"loc":{"start":{"line":79,"column":29},"end":{"line":98,"column":3}},"line":79},"7":{"name":"(anonymous_7)","decl":{"start":{"line":89,"column":17},"end":{"line":89,"column":18}},"loc":{"start":{"line":89,"column":23},"end":{"line":96,"column":7}},"line":89},"8":{"name":"(anonymous_8)","decl":{"start":{"line":100,"column":2},"end":{"line":100,"column":3}},"loc":{"start":{"line":100,"column":36},"end":{"line":109,"column":3}},"line":100},"9":{"name":"(anonymous_9)","decl":{"start":{"line":111,"column":2},"end":{"line":111,"column":3}},"loc":{"start":{"line":111,"column":23},"end":{"line":116,"column":3}},"line":111},"10":{"name":"(anonymous_10)","decl":{"start":{"line":115,"column":74},"end":{"line":115,"column":75}},"loc":{"start":{"line":115,"column":85},"end":{"line":115,"column":119}},"line":115},"11":{"name":"(anonymous_11)","decl":{"start":{"line":118,"column":2},"end":{"line":118,"column":3}},"loc":{"start":{"line":118,"column":35},"end":{"line":120,"column":3}},"line":118},"12":{"name":"(anonymous_12)","decl":{"start":{"line":122,"column":2},"end":{"line":122,"column":3}},"loc":{"start":{"line":122,"column":54},"end":{"line":132,"column":3}},"line":122}},"branchMap":{"0":{"loc":{"start":{"line":56,"column":8},"end":{"line":58,"column":9}},"type":"if","locations":[{"start":{"line":56,"column":8},"end":{"line":58,"column":9}},{"start":{"line":56,"column":8},"end":{"line":58,"column":9}}],"line":56},"1":{"loc":{"start":{"line":73,"column":6},"end":{"line":75,"column":7}},"type":"if","locations":[{"start":{"line":73,"column":6},"end":{"line":75,"column":7}},{"start":{"line":73,"column":6},"end":{"line":75,"column":7}}],"line":73},"2":{"loc":{"start":{"line":80,"column":4},"end":{"line":80,"column":61}},"type":"if","locations":[{"start":{"line":80,"column":4},"end":{"line":80,"column":61}},{"start":{"line":80,"column":4},"end":{"line":80,"column":61}}],"line":80},"3":{"loc":{"start":{"line":82,"column":4},"end":{"line":82,"column":36}},"type":"if","locations":[{"start":{"line":82,"column":4},"end":{"line":82,"column":36}},{"start":{"line":82,"column":4},"end":{"line":82,"column":36}}],"line":82},"4":{"loc":{"start":{"line":83,"column":4},"end":{"line":97,"column":5}},"type":"if","locations":[{"start":{"line":83,"column":4},"end":{"line":97,"column":5}},{"start":{"line":83,"column":4},"end":{"line":97,"column":5}}],"line":83},"5":{"loc":{"start":{"line":86,"column":6},"end":{"line":86,"column":55}},"type":"if","locations":[{"start":{"line":86,"column":6},"end":{"line":86,"column":55}},{"start":{"line":86,"column":6},"end":{"line":86,"column":55}}],"line":86},"6":{"loc":{"start":{"line":93,"column":8},"end":{"line":95,"column":9}},"type":"if","locations":[{"start":{"line":93,"column":8},"end":{"line":95,"column":9}},{"start":{"line":93,"column":8},"end":{"line":95,"column":9}}],"line":93},"7":{"loc":{"start":{"line":101,"column":4},"end":{"line":108,"column":5}},"type":"if","locations":[{"start":{"line":101,"column":4},"end":{"line":108,"column":5}},{"start":{"line":101,"column":4},"end":{"line":108,"column":5}}],"line":101},"8":{"loc":{"start":{"line":123,"column":4},"end":{"line":125,"column":5}},"type":"if","locations":[{"start":{"line":123,"column":4},"end":{"line":125,"column":5}},{"start":{"line":123,"column":4},"end":{"line":125,"column":5}}],"line":123},"9":{"loc":{"start":{"line":124,"column":6},"end":{"line":124,"column":97}},"type":"if","locations":[{"start":{"line":124,"column":6},"end":{"line":124,"column":97}},{"start":{"line":124,"column":6},"end":{"line":124,"column":97}}],"line":124},"10":{"loc":{"start":{"line":124,"column":10},"end":{"line":124,"column":71}},"type":"binary-expr","locations":[{"start":{"line":124,"column":10},"end":{"line":124,"column":24}},{"start":{"line":124,"column":28},"end":{"line":124,"column":40}},{"start":{"line":124,"column":44},"end":{"line":124,"column":71}}],"line":124},"11":{"loc":{"start":{"line":126,"column":4},"end":{"line":128,"column":5}},"type":"if","locations":[{"start":{"line":126,"column":4},"end":{"line":128,"column":5}},{"start":{"line":126,"column":4},"end":{"line":128,"column":5}}],"line":126},"12":{"loc":{"start":{"line":127,"column":6},"end":{"line":127,"column":97}},"type":"if","locations":[{"start":{"line":127,"column":6},"end":{"line":127,"column":97}},{"start":{"line":127,"column":6},"end":{"line":127,"column":97}}],"line":127},"13":{"loc":{"start":{"line":127,"column":10},"end":{"line":127,"column":70}},"type":"binary-expr","locations":[{"start":{"line":127,"column":10},"end":{"line":127,"column":24}},{"start":{"line":127,"column":28},"end":{"line":127,"column":40}},{"start":{"line":127,"column":44},"end":{"line":127,"column":70}}],"line":127},"14":{"loc":{"start":{"line":129,"column":4},"end":{"line":131,"column":5}},"type":"if","locations":[{"start":{"line":129,"column":4},"end":{"line":131,"column":5}},{"start":{"line":129,"column":4},"end":{"line":131,"column":5}}],"line":129}},"s":{"0":1,"1":1,"2":1,"3":28,"4":28,"5":28,"6":28,"7":28,"8":28,"9":28,"10":28,"11":28,"12":28,"13":28,"14":28,"15":28,"16":28,"17":6,"18":34,"19":34,"20":34,"21":34,"22":1,"23":1,"24":2,"25":8,"26":2,"27":2,"28":8,"29":2,"30":8,"31":3,"32":3,"33":3,"34":44,"35":44,"36":44,"37":44,"38":44,"39":11,"40":5,"41":1,"42":4,"43":4,"44":0,"45":4,"46":1,"47":3,"48":1,"49":2,"50":2,"51":2,"52":0,"53":0,"54":0,"55":0,"56":0,"57":5,"58":2,"59":2,"60":2,"61":3,"62":3,"63":0,"64":0,"65":0,"66":0,"67":0,"68":0,"69":12,"70":5,"71":3,"72":12,"73":5,"74":2,"75":12,"76":1,"77":1},"f":{"0":28,"1":6,"2":1,"3":8,"4":3,"5":44,"6":5,"7":0,"8":5,"9":0,"10":0,"11":0,"12":12},"b":{"0":[2,6],"1":[11,33],"2":[1,4],"3":[0,4],"4":[1,3],"5":[1,2],"6":[0,0],"7":[2,3],"8":[5,7],"9":[3,2],"10":[5,4,3],"11":[5,7],"12":[2,3],"13":[5,4,3],"14":[1,11]},"_coverageSchema":"332fd63041d2c1bcb487cc26dd0d5f7d97098a6c","hash":"af279705a961ea31ef221deb369f1972568ef7d3"}
,"C:\\Users\\Angelica\\Desktop\\Introduction of Web Programming\\software testing\\assignment1-p2\\2dv610-assignment1-p2\\scripts\\player.js": {"path":"C:\\Users\\Angelica\\Desktop\\Introduction of Web Programming\\software testing\\assignment1-p2\\2dv610-assignment1-p2\\scripts\\player.js","statementMap":{"0":{"start":{"line":3,"column":6},"end":{"line":3,"column":28}},"1":{"start":{"line":7,"column":6},"end":{"line":7,"column":22}},"2":{"start":{"line":11,"column":8},"end":{"line":11,"column":27}},"3":{"start":{"line":15,"column":2},"end":{"line":15,"column":27}}},"fnMap":{"0":{"name":"(anonymous_0)","decl":{"start":{"line":2,"column":4},"end":{"line":2,"column":5}},"loc":{"start":{"line":2,"column":40},"end":{"line":4,"column":5}},"line":2},"1":{"name":"(anonymous_1)","decl":{"start":{"line":6,"column":4},"end":{"line":6,"column":5}},"loc":{"start":{"line":6,"column":21},"end":{"line":8,"column":5}},"line":6},"2":{"name":"(anonymous_2)","decl":{"start":{"line":10,"column":4},"end":{"line":10,"column":5}},"loc":{"start":{"line":10,"column":28},"end":{"line":12,"column":5}},"line":10}},"branchMap":{"0":{"loc":{"start":{"line":2,"column":17},"end":{"line":2,"column":38}},"type":"default-arg","locations":[{"start":{"line":2,"column":30},"end":{"line":2,"column":38}}],"line":2}},"s":{"0":34,"1":4,"2":1,"3":2},"f":{"0":34,"1":4,"2":1},"b":{"0":[31]},"_coverageSchema":"332fd63041d2c1bcb487cc26dd0d5f7d97098a6c","hash":"af3a8995d55668c726c578ee0c3544356afe131c"}
}
