TN:
SF:F:\test file\test-js-example-master\scripts\memory-game.js
FN:21,(anonymous_0)
FN:38,(anonymous_1)
FN:47,(anonymous_2)
FN:50,(anonymous_3)
FN:64,(anonymous_4)
FN:67,(anonymous_5)
FN:79,(anonymous_6)
FN:89,(anonymous_7)
FN:100,(anonymous_8)
FN:111,(anonymous_9)
FN:115,(anonymous_10)
FN:118,(anonymous_11)
FN:122,(anonymous_12)
FNF:13
FNH:9
FNDA:27,(anonymous_0)
FNDA:6,(anonymous_1)
FNDA:1,(anonymous_2)
FNDA:11,(anonymous_3)
FNDA:3,(anonymous_4)
FNDA:44,(anonymous_5)
FNDA:5,(anonymous_6)
FNDA:0,(anonymous_7)
FNDA:5,(anonymous_8)
FNDA:0,(anonymous_9)
FNDA:0,(anonymous_10)
FNDA:0,(anonymous_11)
FNDA:11,(anonymous_12)
DA:1,1
DA:2,1
DA:3,1
DA:22,27
DA:23,27
DA:24,27
DA:25,27
DA:26,27
DA:27,27
DA:28,27
DA:29,27
DA:30,27
DA:31,27
DA:32,27
DA:33,27
DA:34,27
DA:35,27
DA:39,6
DA:40,34
DA:41,34
DA:42,34
DA:43,34
DA:48,1
DA:49,1
DA:50,3
DA:51,11
DA:54,3
DA:55,3
DA:56,12
DA:57,2
DA:59,12
DA:65,3
DA:66,3
DA:67,3
DA:68,44
DA:69,44
DA:70,44
DA:71,44
DA:73,44
DA:74,11
DA:80,5
DA:81,4
DA:82,4
DA:83,4
DA:84,1
DA:86,3
DA:87,2
DA:88,2
DA:89,2
DA:90,0
DA:91,0
DA:92,0
DA:93,0
DA:94,0
DA:101,5
DA:102,2
DA:103,2
DA:104,2
DA:106,3
DA:107,3
DA:112,0
DA:113,0
DA:114,0
DA:115,0
DA:119,0
DA:123,11
DA:124,5
DA:126,11
DA:127,5
DA:129,11
DA:130,0
DA:137,1
LF:72
LH:61
BRDA:56,0,0,2
BRDA:56,0,1,10
BRDA:73,1,0,11
BRDA:73,1,1,33
BRDA:80,2,0,1
BRDA:80,2,1,4
BRDA:82,3,0,0
BRDA:82,3,1,4
BRDA:83,4,0,1
BRDA:83,4,1,3
BRDA:86,5,0,1
BRDA:86,5,1,2
BRDA:93,6,0,0
BRDA:93,6,1,0
BRDA:101,7,0,2
BRDA:101,7,1,3
BRDA:123,8,0,5
BRDA:123,8,1,6
BRDA:124,9,0,3
BRDA:124,9,1,2
BRDA:124,10,0,5
BRDA:124,10,1,4
BRDA:124,10,2,3
BRDA:126,11,0,5
BRDA:126,11,1,6
BRDA:127,12,0,2
BRDA:127,12,1,3
BRDA:127,13,0,5
BRDA:127,13,1,4
BRDA:127,13,2,3
BRDA:129,14,0,0
BRDA:129,14,1,11
BRF:32
BRH:28
end_of_record
TN:
SF:F:\test file\test-js-example-master\scripts\player.js
FN:2,(anonymous_0)
FN:6,(anonymous_1)
FN:10,(anonymous_2)
FNF:3
FNH:3
FNDA:32,(anonymous_0)
FNDA:4,(anonymous_1)
FNDA:1,(anonymous_2)
DA:3,32
DA:7,4
DA:11,1
DA:15,2
LF:4
LH:4
BRDA:2,0,0,29
BRF:1
BRH:1
end_of_record
